MPASM 5.83                          MAIN.ASM   5-5-2026  18:02:48         PAGE  1


LOC  OBJECT CODE     LINE SOURCE TEXT
  VALUE

                      00001     LIST P=16F877A
                      00002     #include <P16F877A.INC>
                      00001         LIST
                      00002 
                      00003 ;==========================================================================
                      00004 ; Build date : Jan 21 2019
                      00005 ;  MPASM PIC16F877A processor include
                      00006 ; 
                      00007 ;  (c) Copyright 1999-2019 Microchip Technology, All rights reserved
                      00008 ;==========================================================================
                      00009 
                      00567         LIST
                      00003 
2007   3F71           00004     __CONFIG _XT_OSC & _WDT_OFF & _PWRTE_ON & _BODEN_ON & _LVP_OFF & _CP_OFF
                      00005 
                      00006 ; -------------------------
                      00007 ; Variables
                      00008 ; -------------------------
                      00009     CBLOCK 0x20
  00000020            00010         CURRENT_FLOOR
  00000021            00011         TARGET_FLOOR
  00000022            00012         BUTTONS
  00000023            00013         TEMP
  00000024            00014         D1
  00000025            00015         D2
                      00016     ENDC
                      00017 
                      00018 ; -------------------------
                      00019 ; Reset vector
                      00020 ; -------------------------
                      00021     ORG 0x0000
0000   2???           00022     GOTO START
                      00023 
                      00024 ; -------------------------
                      00025 ; Program start
                      00026 ; -------------------------
0001                  00027 START:
0001   1683           00028     BSF STATUS, RP0
                      00029 
                      00030     ; PORTA output
0002   30C0           00031     MOVLW b'11000000'
Message[302]: Register in operand not in bank 0.  Ensure that bank bits are correct.
0003   0085           00032     MOVWF TRISA
                      00033 
                      00034     ; PORTB input
0004   30FF           00035     MOVLW b'11111111'
Message[302]: Register in operand not in bank 0.  Ensure that bank bits are correct.
0005   0086           00036     MOVWF TRISB
                      00037 
                      00038     ; PORTC output
Message[302]: Register in operand not in bank 0.  Ensure that bank bits are correct.
0006   0187           00039     CLRF TRISC
                      00040 
MPASM 5.83                          MAIN.ASM   5-5-2026  18:02:48         PAGE  2


LOC  OBJECT CODE     LINE SOURCE TEXT
  VALUE

                      00041     ; PORTD output
Message[302]: Register in operand not in bank 0.  Ensure that bank bits are correct.
0007   0188           00042     CLRF TRISD
                      00043 
                      00044     ; Disable ADC, all pins digital
0008   3006           00045     MOVLW b'00000110'
Message[302]: Register in operand not in bank 0.  Ensure that bank bits are correct.
0009   009F           00046     MOVWF ADCON1
                      00047 
                      00048     ; Enable PORTB pull-ups
Message[302]: Register in operand not in bank 0.  Ensure that bank bits are correct.
000A   1381           00049     BCF OPTION_REG, NOT_RBPU
                      00050 
000B   1283           00051     BCF STATUS, RP0
                      00052 
000C   0185           00053     CLRF PORTA
000D   0187           00054     CLRF PORTC
000E   0188           00055     CLRF PORTD
                      00056 
000F   3001           00057     MOVLW d'1'
0010   00A0           00058     MOVWF CURRENT_FLOOR
0011   00A1           00059     MOVWF TARGET_FLOOR
                      00060 
0012                  00061 MAIN_LOOP:
0012   2???           00062     CALL READ_BUTTONS
0013   2???           00063     CALL MOVE_ELEVATOR
0014   2???           00064     CALL SHOW_FLOOR
0015   2???           00065     GOTO MAIN_LOOP
                      00066 
                      00067 ; -------------------------
                      00068 ; Read buttons RB0-RB4
                      00069 ; Active LOW
                      00070 ; -------------------------
0016                  00071 READ_BUTTONS:
0016   0806           00072     MOVF PORTB, W
0017   00A2           00073     MOVWF BUTTONS
0018   09A2           00074     COMF BUTTONS, F
                      00075 
                      00076     ; RB0 -> floor 1
0019   1822           00077     BTFSC BUTTONS, 0
001A   2???           00078     CALL SET_FLOOR_1
                      00079 
                      00080     ; RB1 -> floor 2
001B   18A2           00081     BTFSC BUTTONS, 1
001C   2???           00082     CALL SET_FLOOR_2
                      00083 
                      00084     ; RB2 -> floor 3
001D   1922           00085     BTFSC BUTTONS, 2
001E   2???           00086     CALL SET_FLOOR_3
                      00087 
                      00088     ; RB3 -> floor 4
001F   19A2           00089     BTFSC BUTTONS, 3
0020   2???           00090     CALL SET_FLOOR_4
MPASM 5.83                          MAIN.ASM   5-5-2026  18:02:48         PAGE  3


LOC  OBJECT CODE     LINE SOURCE TEXT
  VALUE

                      00091 
                      00092     ; RB4 -> floor 5
0021   1A22           00093     BTFSC BUTTONS, 4
0022   2???           00094     CALL SET_FLOOR_5
                      00095 
0023   0008           00096     RETURN
                      00097 
0024                  00098 SET_FLOOR_1:
0024   3001           00099     MOVLW d'1'
0025   00A1           00100     MOVWF TARGET_FLOOR
0026   0008           00101     RETURN
                      00102 
0027                  00103 SET_FLOOR_2:
0027   3002           00104     MOVLW d'2'
0028   00A1           00105     MOVWF TARGET_FLOOR
0029   0008           00106     RETURN
                      00107 
002A                  00108 SET_FLOOR_3:
002A   3003           00109     MOVLW d'3'
002B   00A1           00110     MOVWF TARGET_FLOOR
002C   0008           00111     RETURN
                      00112 
002D                  00113 SET_FLOOR_4:
002D   3004           00114     MOVLW d'4'
002E   00A1           00115     MOVWF TARGET_FLOOR
002F   0008           00116     RETURN
                      00117 
0030                  00118 SET_FLOOR_5:
0030   3005           00119     MOVLW d'5'
0031   00A1           00120     MOVWF TARGET_FLOOR
0032   0008           00121     RETURN
                      00122 
                      00123 ; -------------------------
                      00124 ; Move elevator one floor at a time
                      00125 ; RC1 = going up LED
                      00126 ; RC2 = going down LED
                      00127 ; RC0 = idle LED
                      00128 ; -------------------------
0033                  00129 MOVE_ELEVATOR:
0033   0820           00130     MOVF CURRENT_FLOOR, W
0034   0221           00131     SUBWF TARGET_FLOOR, W
                      00132 
                      00133     ; W = TARGET - CURRENT
0035   1903           00134     BTFSC STATUS, Z
0036   2???           00135     GOTO ELEVATOR_IDLE
                      00136 
0037   1C03           00137     BTFSS STATUS, C
0038   2???           00138     GOTO GO_DOWN
                      00139 
0039                  00140 GO_UP:
0039   3002           00141     MOVLW b'00000010'
003A   0087           00142     MOVWF PORTC
003B   2???           00143     CALL DELAY
MPASM 5.83                          MAIN.ASM   5-5-2026  18:02:48         PAGE  4


LOC  OBJECT CODE     LINE SOURCE TEXT
  VALUE

003C   0AA0           00144     INCF CURRENT_FLOOR, F
003D   0008           00145     RETURN
                      00146 
003E                  00147 GO_DOWN:
003E   3004           00148     MOVLW b'00000100'
003F   0087           00149     MOVWF PORTC
0040   2???           00150     CALL DELAY
0041   03A0           00151     DECF CURRENT_FLOOR, F
0042   0008           00152     RETURN
                      00153 
0043                  00154 ELEVATOR_IDLE:
0043   3001           00155     MOVLW b'00000001'
0044   0087           00156     MOVWF PORTC
0045   0008           00157     RETURN
                      00158 
                      00159 ; -------------------------
                      00160 ; Show current floor
                      00161 ; PORTA = floor LEDs
                      00162 ; PORTD = 7-segment digit
                      00163 ; -------------------------
0046                  00164 SHOW_FLOOR:
                      00165     ; floor LEDs on PORTA
0046   0820           00166     MOVF CURRENT_FLOOR, W
0047   2???           00167     CALL FLOOR_LED_TABLE
0048   0085           00168     MOVWF PORTA
                      00169 
                      00170     ; 7-segment on PORTD
0049   0820           00171     MOVF CURRENT_FLOOR, W
004A   2???           00172     CALL SEG7_TABLE
004B   0088           00173     MOVWF PORTD
                      00174 
004C   0008           00175     RETURN
                      00176 
004D                  00177 FLOOR_LED_TABLE:
004D   0782           00178     ADDWF PCL, F
004E   3400           00179     RETLW b'00000000'
004F   3401           00180     RETLW b'00000001' ; floor 1
0050   3402           00181     RETLW b'00000010' ; floor 2
0051   3404           00182     RETLW b'00000100' ; floor 3
0052   3408           00183     RETLW b'00001000' ; floor 4
0053   3410           00184     RETLW b'00010000' ; floor 5
                      00185 
0054                  00186 SEG7_TABLE:
0054   0782           00187     ADDWF PCL, F
0055   343F           00188     RETLW b'00111111' ; 0
0056   3406           00189     RETLW b'00000110' ; 1
0057   345B           00190     RETLW b'01011011' ; 2
0058   344F           00191     RETLW b'01001111' ; 3
0059   3466           00192     RETLW b'01100110' ; 4
005A   346D           00193     RETLW b'01101101' ; 5
                      00194 
                      00195 ; -------------------------
                      00196 ; Simple delay
MPASM 5.83                          MAIN.ASM   5-5-2026  18:02:48         PAGE  5


LOC  OBJECT CODE     LINE SOURCE TEXT
  VALUE

                      00197 ; -------------------------
005B                  00198 DELAY:
005B   30FF           00199     MOVLW d'255'
005C   00A4           00200     MOVWF D1
005D                  00201 D_LOOP1:
005D   30FF           00202     MOVLW d'255'
005E   00A5           00203     MOVWF D2
005F                  00204 D_LOOP2:
005F   0BA5           00205     DECFSZ D2, F
0060   2???           00206     GOTO D_LOOP2
0061   0BA4           00207     DECFSZ D1, F
0062   2???           00208     GOTO D_LOOP1
0063   0008           00209     RETURN
                      00210 
3F71                  00211     END
MPASM 5.83                          MAIN.ASM   5-5-2026  18:02:48         PAGE  6


SYMBOL TABLE
  LABEL                             VALUE 

ACKDT                             00000005
ACKEN                             00000004
ACKSTAT                           00000006
ADCON0                            0000001F
ADCON1                            0000009F
ADCS0                             00000006
ADCS1                             00000007
ADCS2                             00000006
ADDEN                             00000003
ADFM                              00000007
ADIE                              00000006
ADIF                              00000006
ADON                              00000000
ADRESH                            0000001E
ADRESL                            0000009E
BCLIE                             00000003
BCLIF                             00000003
BF                                00000000
BRGH                              00000002
BUTTONS                           00000022
C                                 00000000
C1INV                             00000004
C1OUT                             00000006
C2INV                             00000005
C2OUT                             00000007
CCP1CON                           00000017
CCP1IE                            00000002
CCP1IF                            00000002
CCP1M0                            00000000
CCP1M1                            00000001
CCP1M2                            00000002
CCP1M3                            00000003
CCP1X                             00000005
CCP1Y                             00000004
CCP2CON                           0000001D
CCP2IE                            00000000
CCP2IF                            00000000
CCP2M0                            00000000
CCP2M1                            00000001
CCP2M2                            00000002
CCP2M3                            00000003
CCP2X                             00000005
CCP2Y                             00000004
CCPR1                             00000015
CCPR1H                            00000016
CCPR1L                            00000015
CCPR2                             0000001B
CCPR2H                            0000001C
CCPR2L                            0000001B
CHS0                              00000003
CHS1                              00000004
CHS2                              00000005
CIS                               00000003
MPASM 5.83                          MAIN.ASM   5-5-2026  18:02:48         PAGE  7


SYMBOL TABLE
  LABEL                             VALUE 

CKE                               00000006
CKP                               00000004
CM0                               00000000
CM1                               00000001
CM2                               00000002
CMCON                             0000009C
CMIE                              00000006
CMIF                              00000006
CREN                              00000004
CSRC                              00000007
CURRENT_FLOOR                     00000020
CVR0                              00000000
CVR1                              00000001
CVR2                              00000002
CVR3                              00000003
CVRCON                            0000009D
CVREN                             00000007
CVROE                             00000006
CVRR                              00000005
D                                 00000005
D1                                00000024
D2                                00000025
DATA_ADDRESS                      00000005
DC                                00000001
DELAY                             0000005B
D_A                               00000005
D_LOOP1                           0000005D
D_LOOP2                           0000005F
D_NOT_A                           00000005
EEADR                             0000010D
EEADRH                            0000010F
EECON1                            0000018C
EECON2                            0000018D
EEDATA                            0000010C
EEDATH                            0000010E
EEIE                              00000004
EEIF                              00000004
EEPGD                             00000007
ELEVATOR_IDLE                     00000043
F                                 00000001
FERR                              00000002
FLOOR_LED_TABLE                   0000004D
FSR                               00000004
GCEN                              00000007
GIE                               00000007
GO                                00000002
GO_DONE                           00000002
GO_DOWN                           0000003E
GO_NOT_DONE                       00000002
GO_UP                             00000039
I2C_DATA                          00000005
I2C_READ                          00000002
I2C_START                         00000003
MPASM 5.83                          MAIN.ASM   5-5-2026  18:02:48         PAGE  8


SYMBOL TABLE
  LABEL                             VALUE 

I2C_STOP                          00000004
IBF                               00000007
IBOV                              00000005
INDF                              00000000
INTCON                            0000000B
INTE                              00000004
INTEDG                            00000006
INTF                              00000001
IRP                               00000007
MAIN_LOOP                         00000012
MOVE_ELEVATOR                     00000033
NOT_A                             00000005
NOT_ADDRESS                       00000005
NOT_BO                            00000000
NOT_BOR                           00000000
NOT_DONE                          00000002
NOT_PD                            00000003
NOT_POR                           00000001
NOT_RBPU                          00000007
NOT_RC8                           00000006
NOT_T1SYNC                        00000002
NOT_TO                            00000004
NOT_TX8                           00000006
NOT_W                             00000002
NOT_WRITE                         00000002
OBF                               00000006
OERR                              00000001
OPTION_REG                        00000081
P                                 00000004
PCFG0                             00000000
PCFG1                             00000001
PCFG2                             00000002
PCFG3                             00000003
PCL                               00000002
PCLATH                            0000000A
PCON                              0000008E
PEIE                              00000006
PEN                               00000002
PIE1                              0000008C
PIE2                              0000008D
PIR1                              0000000C
PIR2                              0000000D
PORTA                             00000005
PORTB                             00000006
PORTC                             00000007
PORTD                             00000008
PORTE                             00000009
PR2                               00000092
PS0                               00000000
PS1                               00000001
PS2                               00000002
PSA                               00000003
PSPIE                             00000007
MPASM 5.83                          MAIN.ASM   5-5-2026  18:02:48         PAGE  9


SYMBOL TABLE
  LABEL                             VALUE 

PSPIF                             00000007
PSPMODE                           00000004
R                                 00000002
RA0                               00000000
RA1                               00000001
RA2                               00000002
RA3                               00000003
RA4                               00000004
RA5                               00000005
RB0                               00000000
RB1                               00000001
RB2                               00000002
RB3                               00000003
RB4                               00000004
RB5                               00000005
RB6                               00000006
RB7                               00000007
RBIE                              00000003
RBIF                              00000000
RC0                               00000000
RC1                               00000001
RC2                               00000002
RC3                               00000003
RC4                               00000004
RC5                               00000005
RC6                               00000006
RC7                               00000007
RC8_9                             00000006
RC9                               00000006
RCD8                              00000000
RCEN                              00000003
RCIE                              00000005
RCIF                              00000005
RCREG                             0000001A
RCSTA                             00000018
RD                                00000000
RD0                               00000000
RD1                               00000001
RD2                               00000002
RD3                               00000003
RD4                               00000004
RD5                               00000005
RD6                               00000006
RD7                               00000007
RE0                               00000000
RE1                               00000001
RE2                               00000002
READ_BUTTONS                      00000016
READ_WRITE                        00000002
RP0                               00000005
RP1                               00000006
RSEN                              00000001
RX9                               00000006
MPASM 5.83                          MAIN.ASM   5-5-2026  18:02:48         PAGE 10


SYMBOL TABLE
  LABEL                             VALUE 

RX9D                              00000000
R_NOT_W                           00000002
R_W                               00000002
S                                 00000003
SEG7_TABLE                        00000054
SEN                               00000000
SET_FLOOR_1                       00000024
SET_FLOOR_2                       00000027
SET_FLOOR_3                       0000002A
SET_FLOOR_4                       0000002D
SET_FLOOR_5                       00000030
SHOW_FLOOR                        00000046
SMP                               00000007
SPBRG                             00000099
SPEN                              00000007
SREN                              00000005
SSPADD                            00000093
SSPBUF                            00000013
SSPCON                            00000014
SSPCON2                           00000091
SSPEN                             00000005
SSPIE                             00000003
SSPIF                             00000003
SSPM0                             00000000
SSPM1                             00000001
SSPM2                             00000002
SSPM3                             00000003
SSPOV                             00000006
SSPSTAT                           00000094
START                             00000001
STATUS                            00000003
SYNC                              00000004
T0CS                              00000005
T0IE                              00000005
T0IF                              00000002
T0SE                              00000004
T1CKPS0                           00000004
T1CKPS1                           00000005
T1CON                             00000010
T1INSYNC                          00000002
T1OSCEN                           00000003
T1SYNC                            00000002
T2CKPS0                           00000000
T2CKPS1                           00000001
T2CON                             00000012
TARGET_FLOOR                      00000021
TEMP                              00000023
TMR0                              00000001
TMR0IE                            00000005
TMR0IF                            00000002
TMR1                              0000000E
TMR1CS                            00000001
TMR1H                             0000000F
MPASM 5.83                          MAIN.ASM   5-5-2026  18:02:48         PAGE 11


SYMBOL TABLE
  LABEL                             VALUE 

TMR1IE                            00000000
TMR1IF                            00000000
TMR1L                             0000000E
TMR1ON                            00000000
TMR2                              00000011
TMR2IE                            00000001
TMR2IF                            00000001
TMR2ON                            00000002
TOUTPS0                           00000003
TOUTPS1                           00000004
TOUTPS2                           00000005
TOUTPS3                           00000006
TRISA                             00000085
TRISA0                            00000000
TRISA1                            00000001
TRISA2                            00000002
TRISA3                            00000003
TRISA4                            00000004
TRISA5                            00000005
TRISB                             00000086
TRISB0                            00000000
TRISB1                            00000001
TRISB2                            00000002
TRISB3                            00000003
TRISB4                            00000004
TRISB5                            00000005
TRISB6                            00000006
TRISB7                            00000007
TRISC                             00000087
TRISC0                            00000000
TRISC1                            00000001
TRISC2                            00000002
TRISC3                            00000003
TRISC4                            00000004
TRISC5                            00000005
TRISC6                            00000006
TRISC7                            00000007
TRISD                             00000088
TRISD0                            00000000
TRISD1                            00000001
TRISD2                            00000002
TRISD3                            00000003
TRISD4                            00000004
TRISD5                            00000005
TRISD6                            00000006
TRISD7                            00000007
TRISE                             00000089
TRISE0                            00000000
TRISE1                            00000001
TRISE2                            00000002
TRMT                              00000001
TX8_9                             00000006
TX9                               00000006
MPASM 5.83                          MAIN.ASM   5-5-2026  18:02:48         PAGE 12


SYMBOL TABLE
  LABEL                             VALUE 

TX9D                              00000000
TXD8                              00000000
TXEN                              00000005
TXIE                              00000004
TXIF                              00000004
TXREG                             00000019
TXSTA                             00000098
UA                                00000001
W                                 00000000
WCOL                              00000007
WR                                00000001
WREN                              00000002
WRERR                             00000003
Z                                 00000002
_BODEN_OFF                        00003FBF
_BODEN_ON                         00003FFF
_BOREN_OFF                        00003FBF
_BOREN_ON                         00003FFF
_CONFIG                           00002007
_CPD_OFF                          00003FFF
_CPD_ON                           00003EFF
_CP_ALL                           00001FFF
_CP_OFF                           00003FFF
_CP_ON                            00001FFF
_DEBUG_OFF                        00003FFF
_DEBUG_ON                         000037FF
_DEVID1                           00002006
_FOSC_EXTRC                       00003FFF
_FOSC_HS                          00003FFE
_FOSC_LP                          00003FFC
_FOSC_XT                          00003FFD
_HS_OSC                           00003FFE
_IDLOC0                           00002000
_IDLOC1                           00002001
_IDLOC2                           00002002
_IDLOC3                           00002003
_LP_OSC                           00003FFC
_LVP_OFF                          00003F7F
_LVP_ON                           00003FFF
_PWRTE_OFF                        00003FFF
_PWRTE_ON                         00003FF7
_RC_OSC                           00003FFF
_WDTE_OFF                         00003FFB
_WDTE_ON                          00003FFF
_WDT_OFF                          00003FFB
_WDT_ON                           00003FFF
_WRT_1FOURTH                      00003BFF
_WRT_256                          00003DFF
_WRT_HALF                         000039FF
_WRT_OFF                          00003FFF
_XT_OSC                           00003FFD
__16F877A                         00000001

MPASM 5.83                          MAIN.ASM   5-5-2026  18:02:48         PAGE 13





Errors   :     0
Warnings :     0 reported,     0 suppressed
Messages :     6 reported,     0 suppressed

